<?xml version="1.0" encoding="UTF-8"?>
<!-- Generated by org.testng.reporters.JUnitXMLReporter -->
<testsuite ignored="0" hostname="DESKTOP-HSAPT3H" failures="0" tests="11" name="shoppractice Tests" time="86.68" errors="0" timestamp="2026-04-17T23:29:14 IST">
  <testcase classname="com.shoppractice.test.LoginTest" name="loginTest" time="1.848"/>
  <testcase classname="com.shoppractice.test.LoginTest" name="loginTest" time="0.947"/>
  <testcase classname="com.shoppractice.test.LoginTest" name="loginTest" time="0.71"/>
  <testcase classname="com.shoppractice.test.LoginTest" name="logoutTest" time="1.596"/>
  <testcase classname="com.shoppractice.test.ProductTest" name="addToCartTest" time="3.24"/>
  <testcase classname="com.shoppractice.test.ProductTest" name="multipleProductTest" time="5.606"/>
  <testcase classname="com.shoppractice.test.ProductTest" name="productListingTest" time="1.624"/>
  <testcase classname="com.shoppractice.test.CartTest" name="cartTest" time="3.262"/>
  <testcase classname="com.shoppractice.test.CartTest" name="checkoutTest" time="3.68"/>
  <testcase classname="com.shoppractice.test.CartTest" name="removeItemTest" time="4.851"/>
  <testcase classname="com.shoppractice.test.OrderTest" name="verifyOrderHistory" time="4.551"/>
</testsuite> <!-- shoppractice Tests -->
