<?xml version="1.0" encoding="UTF-8"?>
<!-- Generated by org.testng.reporters.JUnitReportReporter -->
<testsuite hostname="DESKTOP-HSAPT3H" failures="0" tests="3" name="com.shoppractice.test.ProductTest" time="23.155" errors="0" timestamp="2026-04-17T23:29:14 IST" skipped="0">
  <testcase classname="com.shoppractice.test.ProductTest" name="multipleProductTest" time="9.861"/>
  <testcase classname="com.shoppractice.test.ProductTest" name="addToCartTest" time="7.510"/>
  <testcase classname="com.shoppractice.test.ProductTest" name="productListingTest" time="5.784"/>
</testsuite> <!-- com.shoppractice.test.ProductTest -->
