<?xml version="1.0" encoding="UTF-8"?>
<!-- Generated by org.testng.reporters.JUnitReportReporter -->
<testsuite hostname="DESKTOP-HSAPT3H" failures="0" tests="3" name="com.shoppractice.test.CartTest" time="24.356" errors="0" timestamp="2026-04-17T23:29:14 IST" skipped="0">
  <testcase classname="com.shoppractice.test.CartTest" name="cartTest" time="7.478"/>
  <testcase classname="com.shoppractice.test.CartTest" name="checkoutTest" time="7.941"/>
  <testcase classname="com.shoppractice.test.CartTest" name="removeItemTest" time="8.937"/>
</testsuite> <!-- com.shoppractice.test.CartTest -->
