<?xml version="1.0" encoding="UTF-8"?>
<!-- Generated by org.testng.reporters.JUnitReportReporter -->
<testsuite hostname="DESKTOP-HSAPT3H" failures="0" tests="4" name="com.shoppractice.test.LoginTest" time="26.729" errors="0" timestamp="2026-04-17T23:29:14 IST" skipped="0">
  <testcase classname="com.shoppractice.test.LoginTest" name="loginTest" time="5.044"/>
  <testcase classname="com.shoppractice.test.LoginTest" name="loginTest" time="7.825"/>
  <testcase classname="com.shoppractice.test.LoginTest" name="logoutTest" time="8.591"/>
  <testcase classname="com.shoppractice.test.LoginTest" name="loginTest" time="5.269"/>
</testsuite> <!-- com.shoppractice.test.LoginTest -->
