<?xml version="1.0" encoding="UTF-8"?>
<!-- Generated by org.testng.reporters.JUnitXMLReporter -->
<testsuite ignored="0" hostname="DESKTOP-HSAPT3H" failures="0" tests="3" name="Default test" time="36.077" errors="0" timestamp="2026-04-17T22:48:17 IST">
  <testcase classname="com.shoppractice.test.ProductTest" name="addToCartTest" time="4.53"/>
  <testcase classname="com.shoppractice.test.ProductTest" name="multipleProductTest" time="7.179"/>
  <testcase classname="com.shoppractice.test.ProductTest" name="productListingTest" time="3.023"/>
</testsuite> <!-- Default test -->
