<?xml version="1.0" encoding="UTF-8"?>
<!-- Generated by org.testng.reporters.JUnitXMLReporter -->
<testsuite ignored="0" hostname="DESKTOP-HSAPT3H" failures="0" tests="11" name="Test" time="167.742" errors="0" timestamp="2026-04-17T23:07:31 IST">
  <testcase classname="com.shoppractice.test.LoginTest" name="loginTest" time="1.219"/>
  <testcase classname="com.shoppractice.test.LoginTest" name="loginTest" time="0.526"/>
  <testcase classname="com.shoppractice.test.LoginTest" name="loginTest" time="0.608"/>
  <testcase classname="com.shoppractice.test.LoginTest" name="logoutTest" time="1.611"/>
  <testcase classname="com.shoppractice.test.ProductTest" name="addToCartTest" time="3.022"/>
  <testcase classname="com.shoppractice.test.ProductTest" name="multipleProductTest" time="5.36"/>
  <testcase classname="com.shoppractice.test.ProductTest" name="productListingTest" time="1.612"/>
  <testcase classname="com.shoppractice.test.CartTest" name="cartTest" time="3.018"/>
  <testcase classname="com.shoppractice.test.CartTest" name="checkoutTest" time="3.65"/>
  <testcase classname="com.shoppractice.test.CartTest" name="removeItemTest" time="5.304"/>
  <testcase classname="com.shoppractice.test.OrderTest" name="verifyOrderHistory" time="5.963"/>
</testsuite> <!-- Test -->
