<?xml version="1.0" encoding="UTF-8"?>
<testng-results ignored="0" total="11" passed="11" failed="0" skipped="0">
  <reporter-output>
  </reporter-output>
  <suite started-at="2026-04-17T23:27:47 IST" name="shoppractice Suite" finished-at="2026-04-17T23:29:13 IST" duration-ms="86680">
    <groups>
    </groups>
    <test started-at="2026-04-17T23:27:47 IST" name="shoppractice Tests" finished-at="2026-04-17T23:29:13 IST" duration-ms="86680">
      <class name="com.shoppractice.test.OrderTest">
        <test-method is-config="true" signature="setup()[pri:0, instance:com.shoppractice.test.OrderTest@3c3d9b6b]" started-at="2026-04-17T23:29:04 IST" name="setup" finished-at="2026-04-17T23:29:08 IST" duration-ms="3679" status="PASS">
          <reporter-output>
          </reporter-output>
        </test-method> <!-- setup -->
        <test-method signature="verifyOrderHistory()[pri:0, instance:com.shoppractice.test.OrderTest@3c3d9b6b]" started-at="2026-04-17T23:29:08 IST" name="verifyOrderHistory" description="Verify Order History and Order Details" finished-at="2026-04-17T23:29:13 IST" duration-ms="4551" status="PASS">
          <reporter-output>
          </reporter-output>
        </test-method> <!-- verifyOrderHistory -->
        <test-method is-config="true" signature="tearDown()[pri:0, instance:com.shoppractice.test.OrderTest@3c3d9b6b]" started-at="2026-04-17T23:29:13 IST" name="tearDown" finished-at="2026-04-17T23:29:13 IST" duration-ms="477" status="PASS">
          <reporter-output>
          </reporter-output>
        </test-method> <!-- tearDown -->
      </class> <!-- com.shoppractice.test.OrderTest -->
      <class name="com.shoppractice.test.CartTest">
        <test-method is-config="true" signature="setup()[pri:0, instance:com.shoppractice.test.CartTest@158a8276]" started-at="2026-04-17T23:28:39 IST" name="setup" finished-at="2026-04-17T23:28:43 IST" duration-ms="3762" status="PASS">
          <reporter-output>
          </reporter-output>
        </test-method> <!-- setup -->
        <test-method signature="cartTest()[pri:1, instance:com.shoppractice.test.CartTest@158a8276]" started-at="2026-04-17T23:28:43 IST" name="cartTest" finished-at="2026-04-17T23:28:46 IST" duration-ms="3262" status="PASS">
          <reporter-output>
          </reporter-output>
        </test-method> <!-- cartTest -->
        <test-method is-config="true" signature="tearDown()[pri:0, instance:com.shoppractice.test.CartTest@158a8276]" started-at="2026-04-17T23:28:47 IST" name="tearDown" finished-at="2026-04-17T23:28:47 IST" duration-ms="324" status="PASS">
          <reporter-output>
          </reporter-output>
        </test-method> <!-- tearDown -->
        <test-method is-config="true" signature="setup()[pri:0, instance:com.shoppractice.test.CartTest@158a8276]" started-at="2026-04-17T23:28:47 IST" name="setup" finished-at="2026-04-17T23:28:51 IST" duration-ms="3868" status="PASS">
          <reporter-output>
          </reporter-output>
        </test-method> <!-- setup -->
        <test-method signature="checkoutTest()[pri:2, instance:com.shoppractice.test.CartTest@158a8276]" started-at="2026-04-17T23:28:51 IST" name="checkoutTest" finished-at="2026-04-17T23:28:54 IST" duration-ms="3680" status="PASS">
          <reporter-output>
          </reporter-output>
        </test-method> <!-- checkoutTest -->
        <test-method is-config="true" signature="tearDown()[pri:0, instance:com.shoppractice.test.CartTest@158a8276]" started-at="2026-04-17T23:28:55 IST" name="tearDown" finished-at="2026-04-17T23:28:55 IST" duration-ms="348" status="PASS">
          <reporter-output>
          </reporter-output>
        </test-method> <!-- tearDown -->
        <test-method is-config="true" signature="setup()[pri:0, instance:com.shoppractice.test.CartTest@158a8276]" started-at="2026-04-17T23:28:55 IST" name="setup" finished-at="2026-04-17T23:28:59 IST" duration-ms="3911" status="PASS">
          <reporter-output>
          </reporter-output>
        </test-method> <!-- setup -->
        <test-method signature="removeItemTest()[pri:3, instance:com.shoppractice.test.CartTest@158a8276]" started-at="2026-04-17T23:28:59 IST" name="removeItemTest" finished-at="2026-04-17T23:29:04 IST" duration-ms="4851" status="PASS">
          <reporter-output>
          </reporter-output>
        </test-method> <!-- removeItemTest -->
        <test-method is-config="true" signature="tearDown()[pri:0, instance:com.shoppractice.test.CartTest@158a8276]" started-at="2026-04-17T23:29:04 IST" name="tearDown" finished-at="2026-04-17T23:29:04 IST" duration-ms="350" status="PASS">
          <reporter-output>
          </reporter-output>
        </test-method> <!-- tearDown -->
      </class> <!-- com.shoppractice.test.CartTest -->
      <class name="com.shoppractice.test.LoginTest">
        <test-method is-config="true" signature="setup()[pri:0, instance:com.shoppractice.test.LoginTest@61322f9d]" started-at="2026-04-17T23:27:47 IST" name="setup" finished-at="2026-04-17T23:27:54 IST" duration-ms="6640" status="PASS">
          <reporter-output>
          </reporter-output>
        </test-method> <!-- setup -->
        <test-method signature="loginTest(java.lang.String,java.lang.String,java.lang.String)[pri:0, instance:com.shoppractice.test.LoginTest@61322f9d]" started-at="2026-04-17T23:27:54 IST" name="loginTest" data-provider="loginData" finished-at="2026-04-17T23:27:56 IST" duration-ms="1848" status="PASS">
          <params>
            <param index="0">
              <value>
                <![CDATA[lakshmimanasak@gmail.com]]>
              </value>
            </param>
            <param index="1">
              <value>
                <![CDATA[Automation@26]]>
              </value>
            </param>
            <param index="2">
              <value>
                <![CDATA[valid]]>
              </value>
            </param>
          </params>
          <reporter-output>
          </reporter-output>
        </test-method> <!-- loginTest -->
        <test-method is-config="true" signature="tearDown()[pri:0, instance:com.shoppractice.test.LoginTest@61322f9d]" started-at="2026-04-17T23:27:56 IST" name="tearDown" finished-at="2026-04-17T23:27:57 IST" duration-ms="517" status="PASS">
          <reporter-output>
          </reporter-output>
        </test-method> <!-- tearDown -->
        <test-method is-config="true" signature="setup()[pri:0, instance:com.shoppractice.test.LoginTest@61322f9d]" started-at="2026-04-17T23:27:57 IST" name="setup" finished-at="2026-04-17T23:28:01 IST" duration-ms="4010" status="PASS">
          <reporter-output>
          </reporter-output>
        </test-method> <!-- setup -->
        <test-method signature="loginTest(java.lang.String,java.lang.String,java.lang.String)[pri:0, instance:com.shoppractice.test.LoginTest@61322f9d]" started-at="2026-04-17T23:28:01 IST" name="loginTest" data-provider="loginData" finished-at="2026-04-17T23:28:02 IST" duration-ms="947" status="PASS">
          <params>
            <param index="0">
              <value>
                <![CDATA[wrong@gmail.com]]>
              </value>
            </param>
            <param index="1">
              <value>
                <![CDATA[Pass@2026]]>
              </value>
            </param>
            <param index="2">
              <value>
                <![CDATA[invalid]]>
              </value>
            </param>
          </params>
          <reporter-output>
          </reporter-output>
        </test-method> <!-- loginTest -->
        <test-method is-config="true" signature="tearDown()[pri:0, instance:com.shoppractice.test.LoginTest@61322f9d]" started-at="2026-04-17T23:28:02 IST" name="tearDown" finished-at="2026-04-17T23:28:02 IST" duration-ms="312" status="PASS">
          <reporter-output>
          </reporter-output>
        </test-method> <!-- tearDown -->
        <test-method is-config="true" signature="setup()[pri:0, instance:com.shoppractice.test.LoginTest@61322f9d]" started-at="2026-04-17T23:28:02 IST" name="setup" finished-at="2026-04-17T23:28:06 IST" duration-ms="3845" status="PASS">
          <reporter-output>
          </reporter-output>
        </test-method> <!-- setup -->
        <test-method signature="loginTest(java.lang.String,java.lang.String,java.lang.String)[pri:0, instance:com.shoppractice.test.LoginTest@61322f9d]" started-at="2026-04-17T23:28:06 IST" name="loginTest" data-provider="loginData" finished-at="2026-04-17T23:28:07 IST" duration-ms="710" status="PASS">
          <params>
            <param index="0">
              <value>
                <![CDATA[]]>
              </value>
            </param>
            <param index="1">
              <value>
                <![CDATA[]]>
              </value>
            </param>
            <param index="2">
              <value>
                <![CDATA[invalid]]>
              </value>
            </param>
          </params>
          <reporter-output>
          </reporter-output>
        </test-method> <!-- loginTest -->
        <test-method is-config="true" signature="tearDown()[pri:0, instance:com.shoppractice.test.LoginTest@61322f9d]" started-at="2026-04-17T23:28:07 IST" name="tearDown" finished-at="2026-04-17T23:28:08 IST" duration-ms="489" status="PASS">
          <reporter-output>
          </reporter-output>
        </test-method> <!-- tearDown -->
        <test-method is-config="true" signature="setup()[pri:0, instance:com.shoppractice.test.LoginTest@61322f9d]" started-at="2026-04-17T23:28:08 IST" name="setup" finished-at="2026-04-17T23:28:13 IST" duration-ms="5460" status="PASS">
          <reporter-output>
          </reporter-output>
        </test-method> <!-- setup -->
        <test-method signature="logoutTest()[pri:0, instance:com.shoppractice.test.LoginTest@61322f9d]" started-at="2026-04-17T23:28:13 IST" name="logoutTest" finished-at="2026-04-17T23:28:15 IST" duration-ms="1596" status="PASS">
          <reporter-output>
          </reporter-output>
        </test-method> <!-- logoutTest -->
        <test-method is-config="true" signature="tearDown()[pri:0, instance:com.shoppractice.test.LoginTest@61322f9d]" started-at="2026-04-17T23:28:15 IST" name="tearDown" finished-at="2026-04-17T23:28:15 IST" duration-ms="355" status="PASS">
          <reporter-output>
          </reporter-output>
        </test-method> <!-- tearDown -->
      </class> <!-- com.shoppractice.test.LoginTest -->
      <class name="com.shoppractice.test.ProductTest">
        <test-method is-config="true" signature="setup()[pri:0, instance:com.shoppractice.test.ProductTest@13b6aecc]" started-at="2026-04-17T23:28:15 IST" name="setup" finished-at="2026-04-17T23:28:19 IST" duration-ms="3828" status="PASS">
          <reporter-output>
          </reporter-output>
        </test-method> <!-- setup -->
        <test-method signature="addToCartTest()[pri:0, instance:com.shoppractice.test.ProductTest@13b6aecc]" started-at="2026-04-17T23:28:19 IST" name="addToCartTest" finished-at="2026-04-17T23:28:22 IST" duration-ms="3240" status="PASS">
          <reporter-output>
          </reporter-output>
        </test-method> <!-- addToCartTest -->
        <test-method is-config="true" signature="tearDown()[pri:0, instance:com.shoppractice.test.ProductTest@13b6aecc]" started-at="2026-04-17T23:28:23 IST" name="tearDown" finished-at="2026-04-17T23:28:23 IST" duration-ms="347" status="PASS">
          <reporter-output>
          </reporter-output>
        </test-method> <!-- tearDown -->
        <test-method is-config="true" signature="setup()[pri:0, instance:com.shoppractice.test.ProductTest@13b6aecc]" started-at="2026-04-17T23:28:23 IST" name="setup" finished-at="2026-04-17T23:28:27 IST" duration-ms="3938" status="PASS">
          <reporter-output>
          </reporter-output>
        </test-method> <!-- setup -->
        <test-method signature="multipleProductTest()[pri:0, instance:com.shoppractice.test.ProductTest@13b6aecc]" started-at="2026-04-17T23:28:27 IST" name="multipleProductTest" finished-at="2026-04-17T23:28:33 IST" duration-ms="5606" status="PASS">
          <reporter-output>
          </reporter-output>
        </test-method> <!-- multipleProductTest -->
        <test-method is-config="true" signature="tearDown()[pri:0, instance:com.shoppractice.test.ProductTest@13b6aecc]" started-at="2026-04-17T23:28:33 IST" name="tearDown" finished-at="2026-04-17T23:28:33 IST" duration-ms="332" status="PASS">
          <reporter-output>
          </reporter-output>
        </test-method> <!-- tearDown -->
        <test-method is-config="true" signature="setup()[pri:0, instance:com.shoppractice.test.ProductTest@13b6aecc]" started-at="2026-04-17T23:28:33 IST" name="setup" finished-at="2026-04-17T23:28:37 IST" duration-ms="3813" status="PASS">
          <reporter-output>
          </reporter-output>
        </test-method> <!-- setup -->
        <test-method signature="productListingTest()[pri:0, instance:com.shoppractice.test.ProductTest@13b6aecc]" started-at="2026-04-17T23:28:37 IST" name="productListingTest" finished-at="2026-04-17T23:28:38 IST" duration-ms="1624" status="PASS">
          <reporter-output>
          </reporter-output>
        </test-method> <!-- productListingTest -->
        <test-method is-config="true" signature="tearDown()[pri:0, instance:com.shoppractice.test.ProductTest@13b6aecc]" started-at="2026-04-17T23:28:39 IST" name="tearDown" finished-at="2026-04-17T23:28:39 IST" duration-ms="427" status="PASS">
          <reporter-output>
          </reporter-output>
        </test-method> <!-- tearDown -->
      </class> <!-- com.shoppractice.test.ProductTest -->
    </test> <!-- shoppractice Tests -->
  </suite> <!-- shoppractice Suite -->
</testng-results>
